\BOOKMARK [1][-]{section.1}{\376\377\000I\000N\000T\000R\000O\000D\000U\000C\000T\000I\000O\000N}{}% 1
\BOOKMARK [1][-]{section.2}{\376\377\000R\000e\000l\000a\000t\000e\000d\000\040\000W\000o\000r\000k}{}% 2
\BOOKMARK [1][-]{section.3}{\376\377\000M\000e\000t\000h\000o\000d}{}% 3
\BOOKMARK [2][-]{subsection.3.1}{\376\377\000B\000u\000i\000l\000d\000i\000n\000g\000\040\000a\000\040\000V\000i\000s\000u\000a\000l\000-\000L\000a\000n\000g\000u\000a\000g\000e\000\040\000M\000a\000p}{section.3}% 4
\BOOKMARK [2][-]{subsection.3.2}{\376\377\000L\000o\000c\000a\000l\000i\000z\000i\000n\000g\000\040\000O\000p\000e\000n\000-\000V\000o\000c\000a\000b\000u\000l\000a\000r\000y\000\040\000L\000a\000n\000d\000m\000a\000r\000k\000s}{section.3}% 5
\BOOKMARK [2][-]{subsection.3.3}{\376\377\000G\000e\000n\000e\000r\000a\000t\000i\000n\000g\000\040\000O\000p\000e\000n\000-\000V\000o\000c\000a\000b\000u\000l\000a\000r\000y\000\040\000O\000b\000s\000t\000a\000c\000l\000e\000\040\000M\000a\000p\000s}{section.3}% 6
\BOOKMARK [2][-]{subsection.3.4}{\376\377\000Z\000e\000r\000o\000-\000S\000h\000o\000t\000\040\000S\000p\000a\000t\000i\000a\000l\000\040\000G\000o\000a\000l\000\040\000N\000a\000v\000i\000g\000a\000t\000i\000o\000n\000\040\000f\000r\000o\000m\000\040\000L\000a\000n\000g\000u\000a\000g\000e}{section.3}% 7
\BOOKMARK [1][-]{section.4}{\376\377\000E\000x\000p\000e\000r\000i\000m\000e\000n\000t\000s}{}% 8
\BOOKMARK [2][-]{subsection.4.1}{\376\377\000S\000i\000m\000u\000l\000a\000t\000i\000o\000n\000\040\000S\000e\000t\000u\000p}{section.4}% 9
\BOOKMARK [2][-]{subsection.4.2}{\376\377\000M\000u\000l\000t\000i\000-\000O\000b\000j\000e\000c\000t\000\040\000N\000a\000v\000i\000g\000a\000t\000i\000o\000n}{section.4}% 10
\BOOKMARK [2][-]{subsection.4.3}{\376\377\000Z\000e\000r\000o\000-\000S\000h\000o\000t\000\040\000S\000p\000a\000t\000i\000a\000l\000\040\000G\000o\000a\000l\000\040\000N\000a\000v\000i\000g\000a\000t\000i\000o\000n\000\040\000f\000r\000o\000m\000\040\000L\000a\000n\000g\000u\000a\000g\000e}{section.4}% 11
\BOOKMARK [2][-]{subsection.4.4}{\376\377\000C\000r\000o\000s\000s\000-\000E\000m\000b\000o\000d\000i\000m\000e\000n\000t\000\040\000N\000a\000v\000i\000g\000a\000t\000i\000o\000n}{section.4}% 12
\BOOKMARK [2][-]{subsection.4.5}{\376\377\000R\000e\000a\000l\000\040\000R\000o\000b\000o\000t\000\040\000E\000x\000p\000e\000r\000i\000m\000e\000n\000t\000s}{section.4}% 13
\BOOKMARK [1][-]{section.5}{\376\377\000D\000i\000s\000c\000u\000s\000s\000i\000o\000n\000\040\000a\000n\000d\000\040\000L\000i\000m\000i\000t\000a\000t\000i\000o\000n\000s}{}% 14
\BOOKMARK [1][-]{section*.9}{\376\377\000R\000e\000f\000e\000r\000e\000n\000c\000e\000s}{}% 15
\BOOKMARK [1][-]{section*.10}{\376\377\000A\000p\000p\000e\000n\000d\000i\000x}{}% 16
\BOOKMARK [2][-]{subsection.Appendix.A.1}{\376\377\000F\000u\000l\000l\000\040\000L\000i\000s\000t\000\040\000o\000f\000\040\000N\000a\000v\000i\000g\000a\000t\000i\000o\000n\000\040\000P\000r\000i\000m\000i\000t\000i\000v\000e\000s}{section*.10}% 17
\BOOKMARK [2][-]{subsection.Appendix.A.2}{\376\377\000F\000u\000l\000l\000\040\000P\000r\000o\000m\000p\000t\000s}{section*.10}% 18
\BOOKMARK [2][-]{subsection.Appendix.A.3}{\376\377\000P\000r\000o\000m\000p\000t\000\040\000e\000n\000g\000i\000n\000e\000e\000r\000i\000n\000g\000.}{section*.10}% 19
\BOOKMARK [2][-]{subsection.Appendix.A.4}{\376\377\000T\000o\000p\000-\000D\000o\000w\000n\000\040\000M\000a\000p\000\040\000S\000e\000m\000a\000n\000t\000i\000c\000\040\000S\000e\000g\000m\000e\000n\000t\000a\000t\000i\000o\000n}{section*.10}% 20
\BOOKMARK [2][-]{subsection.Appendix.A.5}{\376\377\000P\000r\000o\000m\000p\000t\000s\000\040\000f\000o\000r\000\040\000O\000b\000s\000t\000a\000c\000l\000e\000\040\000M\000a\000p\000s\000\040\000G\000e\000n\000e\000r\000a\000t\000i\000o\000n}{section*.10}% 21
